<?xml version="1.0" encoding="UTF-8"?>
<!-- Generated by org.testng.reporters.JUnitReportReporter -->
<testsuite skipped="0" hostname="DESKTOP-F290SUV" name="SeleniumFramework.SeleniumFramework.SubmitOrderTest" tests="3" failures="0" timestamp="08 Feb 2023 11:22:24 GMT" time="26.311" errors="0">
  <testcase name="SubmitOrderTest" time="10.564" classname="SeleniumFramework.SeleniumFramework.SubmitOrderTest"/>
  <testcase name="OrderHistoryTest" time="7.169" classname="SeleniumFramework.SeleniumFramework.SubmitOrderTest"/>
  <testcase name="SubmitOrderTest" time="8.578" classname="SeleniumFramework.SeleniumFramework.SubmitOrderTest"/>
</testsuite> <!-- SeleniumFramework.SeleniumFramework.SubmitOrderTest -->
