<?xml version="1.0" encoding="UTF-8"?>
<!-- Generated by org.testng.reporters.JUnitReportReporter -->
<testsuite skipped="0" hostname="DESKTOP-F290SUV" name="SeleniumFramework.SeleniumFramework.ErrorValidationsTest" tests="2" failures="0" timestamp="08 Feb 2023 11:22:24 GMT" time="36.576" errors="0">
  <testcase name="ProductErrorValidation" time="28.195" classname="SeleniumFramework.SeleniumFramework.ErrorValidationsTest"/>
  <testcase name="LoginErrorValidation" time="8.381" classname="SeleniumFramework.SeleniumFramework.ErrorValidationsTest"/>
</testsuite> <!-- SeleniumFramework.SeleniumFramework.ErrorValidationsTest -->
