<?xml version="1.0" encoding="UTF-8"?>
<!-- Generated by org.testng.reporters.JUnitReportReporter -->
<testsuite skipped="0" hostname="DESKTOP-F290SUV" name="SeleniumFramework.SeleniumFramework.SubmitOrderTest" tests="3" failures="0" timestamp="08 Feb 2023 16:55:54 GMT" time="27.578" errors="0">
  <testcase name="SubmitOrderTest" time="10.201" classname="SeleniumFramework.SeleniumFramework.SubmitOrderTest"/>
  <testcase name="SubmitOrderTest" time="10.412" classname="SeleniumFramework.SeleniumFramework.SubmitOrderTest"/>
  <testcase name="OrderHistoryTest" time="6.965" classname="SeleniumFramework.SeleniumFramework.SubmitOrderTest"/>
</testsuite> <!-- SeleniumFramework.SeleniumFramework.SubmitOrderTest -->
