<?xml version="1.0" encoding="UTF-8"?>
<!-- Generated by org.testng.reporters.JUnitReportReporter -->
<testsuite skipped="0" hostname="DESKTOP-F290SUV" name="SeleniumFramework.SeleniumFramework.ErrorValidationsTest" tests="2" failures="0" timestamp="08 Feb 2023 16:55:54 GMT" time="15.603" errors="0">
  <testcase name="LoginErrorValidation" time="7.887" classname="SeleniumFramework.SeleniumFramework.ErrorValidationsTest"/>
  <testcase name="ProductErrorValidation" time="7.716" classname="SeleniumFramework.SeleniumFramework.ErrorValidationsTest"/>
</testsuite> <!-- SeleniumFramework.SeleniumFramework.ErrorValidationsTest -->
